
> backend@1.0.0 dev
> nodemon src/server.js

[33m[nodemon] 3.1.10[39m
[33m[nodemon] to restart at any time, enter `rs`[39m
[33m[nodemon] watching path(s): *.*[39m
[33m[nodemon] watching extensions: js,mjs,cjs,json[39m
[32m[nodemon] starting `node src/server.js`[39m
D:\Eximius\backend\src\server.js:23
  console.log([Eximius Backend] Server running on http://localhost:);
                       ^^^^^^^

SyntaxError: Unexpected identifier 'Backend'
    at wrapSafe (node:internal/modules/cjs/loader:1690:18)
    at Module._compile (node:internal/modules/cjs/loader:1733:20)
    at Object..js (node:internal/modules/cjs/loader:1892:10)
    at Module.load (node:internal/modules/cjs/loader:1479:32)
    at Module._load (node:internal/modules/cjs/loader:1298:12)
    at TracingChannel.traceSync (node:diagnostics_channel:328:14)
    at wrapModuleLoad (node:internal/modules/cjs/loader:244:24)
    at Module.executeUserEntryPoint [as runMain] (node:internal/modules/run_main:154:5)
    at node:internal/main/run_main_module:33:47

Node.js v25.0.0
[31m[nodemon] app crashed - waiting for file changes before starting...[39m
[32m[nodemon] restarting due to changes...[39m
[32m[nodemon] starting `node src/server.js`[39m
[32m[nodemon] clean exit - waiting for changes before restart[39m
[32m[nodemon] restarting due to changes...[39m
[32m[nodemon] starting `node src/server.js`[39m
D:\Eximius\backend\src\server.js:23
  console.log([Eximius Backend] Server running on http://localhost:);
                       ^^^^^^^

SyntaxError: Unexpected identifier 'Backend'
    at wrapSafe (node:internal/modules/cjs/loader:1690:18)
    at Module._compile (node:internal/modules/cjs/loader:1733:20)
    at Object..js (node:internal/modules/cjs/loader:1892:10)
    at Module.load (node:internal/modules/cjs/loader:1479:32)
    at Module._load (node:internal/modules/cjs/loader:1298:12)
    at TracingChannel.traceSync (node:diagnostics_channel:328:14)
    at wrapModuleLoad (node:internal/modules/cjs/loader:244:24)
    at Module.executeUserEntryPoint [as runMain] (node:internal/modules/run_main:154:5)
    at node:internal/main/run_main_module:33:47

Node.js v25.0.0
[31m[nodemon] app crashed - waiting for file changes before starting...[39m
[32m[nodemon] restarting due to changes...[39m
[32m[nodemon] starting `node src/server.js`[39m
D:\Eximius\backend\src\server.js:23
  console.log([Eximius Backend] Server running on http://localhost:);
                       ^^^^^^^

SyntaxError: Unexpected identifier 'Backend'
    at wrapSafe (node:internal/modules/cjs/loader:1690:18)
    at Module._compile (node:internal/modules/cjs/loader:1733:20)
    at Object..js (node:internal/modules/cjs/loader:1892:10)
    at Module.load (node:internal/modules/cjs/loader:1479:32)
    at Module._load (node:internal/modules/cjs/loader:1298:12)
    at TracingChannel.traceSync (node:diagnostics_channel:328:14)
    at wrapModuleLoad (node:internal/modules/cjs/loader:244:24)
    at Module.executeUserEntryPoint [as runMain] (node:internal/modules/run_main:154:5)
    at node:internal/main/run_main_module:33:47

Node.js v25.0.0
[31m[nodemon] app crashed - waiting for file changes before starting...[39m
[32m[nodemon] restarting due to changes...[39m
[32m[nodemon] starting `node src/server.js`[39m
node:internal/modules/cjs/loader:1422
  throw err;
  ^

Error: Cannot find module 'D:\Eximius\backend\src\server.js'
    at Module._resolveFilename (node:internal/modules/cjs/loader:1419:15)
    at defaultResolveImpl (node:internal/modules/cjs/loader:1057:19)
    at resolveForCJSWithHooks (node:internal/modules/cjs/loader:1062:22)
    at Module._load (node:internal/modules/cjs/loader:1225:37)
    at TracingChannel.traceSync (node:diagnostics_channel:328:14)
    at wrapModuleLoad (node:internal/modules/cjs/loader:244:24)
    at Module.executeUserEntryPoint [as runMain] (node:internal/modules/run_main:154:5)
    at node:internal/main/run_main_module:33:47 {
  code: 'MODULE_NOT_FOUND',
  requireStack: []
}

Node.js v25.0.0
[31m[nodemon] app crashed - waiting for file changes before starting...[39m
[32m[nodemon] restarting due to changes...[39m
[32m[nodemon] starting `node src/server.js`[39m
D:\Eximius\backend\src\server.js:23
  console.log([Eximius Backend] Server running on http://localhost:);
                       ^^^^^^^

SyntaxError: Unexpected identifier 'Backend'
    at wrapSafe (node:internal/modules/cjs/loader:1690:18)
    at Module._compile (node:internal/modules/cjs/loader:1733:20)
    at Object..js (node:internal/modules/cjs/loader:1892:10)
    at Module.load (node:internal/modules/cjs/loader:1479:32)
    at Module._load (node:internal/modules/cjs/loader:1298:12)
    at TracingChannel.traceSync (node:diagnostics_channel:328:14)
    at wrapModuleLoad (node:internal/modules/cjs/loader:244:24)
    at Module.executeUserEntryPoint [as runMain] (node:internal/modules/run_main:154:5)
    at node:internal/main/run_main_module:33:47

Node.js v25.0.0
[31m[nodemon] app crashed - waiting for file changes before starting...[39m
[32m[nodemon] restarting due to changes...[39m
[32m[nodemon] starting `node src/server.js`[39m
node:internal/modules/cjs/loader:1422
  throw err;
  ^

Error: Cannot find module 'D:\Eximius\backend\src\server.js'
    at Module._resolveFilename (node:internal/modules/cjs/loader:1419:15)
    at defaultResolveImpl (node:internal/modules/cjs/loader:1057:19)
    at resolveForCJSWithHooks (node:internal/modules/cjs/loader:1062:22)
    at Module._load (node:internal/modules/cjs/loader:1225:37)
    at TracingChannel.traceSync (node:diagnostics_channel:328:14)
    at wrapModuleLoad (node:internal/modules/cjs/loader:244:24)
    at Module.executeUserEntryPoint [as runMain] (node:internal/modules/run_main:154:5)
    at node:internal/main/run_main_module:33:47 {
  code: 'MODULE_NOT_FOUND',
  requireStack: []
}

Node.js v25.0.0
[31m[nodemon] app crashed - waiting for file changes before starting...[39m
[32m[nodemon] restarting due to changes...[39m
[32m[nodemon] starting `node src/server.js`[39m
D:\Eximius\backend\src\server.js:23
  console.log([Eximius Backend] Server running on http://localhost:);
                       ^^^^^^^

SyntaxError: Unexpected identifier 'Backend'
    at wrapSafe (node:internal/modules/cjs/loader:1690:18)
    at Module._compile (node:internal/modules/cjs/loader:1733:20)
    at Object..js (node:internal/modules/cjs/loader:1892:10)
    at Module.load (node:internal/modules/cjs/loader:1479:32)
    at Module._load (node:internal/modules/cjs/loader:1298:12)
    at TracingChannel.traceSync (node:diagnostics_channel:328:14)
    at wrapModuleLoad (node:internal/modules/cjs/loader:244:24)
    at Module.executeUserEntryPoint [as runMain] (node:internal/modules/run_main:154:5)
    at node:internal/main/run_main_module:33:47

Node.js v25.0.0
[31m[nodemon] app crashed - waiting for file changes before starting...[39m
[32m[nodemon] restarting due to changes...[39m
[32m[nodemon] starting `node src/server.js`[39m
node:internal/modules/cjs/loader:1422
  throw err;
  ^

Error: Cannot find module 'D:\Eximius\backend\src\server.js'
    at Module._resolveFilename (node:internal/modules/cjs/loader:1419:15)
    at defaultResolveImpl (node:internal/modules/cjs/loader:1057:19)
    at resolveForCJSWithHooks (node:internal/modules/cjs/loader:1062:22)
    at Module._load (node:internal/modules/cjs/loader:1225:37)
    at TracingChannel.traceSync (node:diagnostics_channel:328:14)
    at wrapModuleLoad (node:internal/modules/cjs/loader:244:24)
    at Module.executeUserEntryPoint [as runMain] (node:internal/modules/run_main:154:5)
    at node:internal/main/run_main_module:33:47 {
  code: 'MODULE_NOT_FOUND',
  requireStack: []
}

Node.js v25.0.0
[31m[nodemon] app crashed - waiting for file changes before starting...[39m
[32m[nodemon] restarting due to changes...[39m
[32m[nodemon] starting `node src/server.js`[39m
[32m[nodemon] restarting due to changes...[39m
[32m[nodemon] restarting due to changes...[39m
[32m[nodemon] starting `node src/server.js`[39m
[32m[nodemon] restarting due to changes...[39m
[dotenv@17.2.3] injecting env (1) from .env -- tip: ⚙️  suppress all logs with { quiet: true }
[32m[nodemon] starting `node src/server.js`[39m
[32m[nodemon] restarting due to changes...[39m
[32m[nodemon] restarting due to changes...[39m
[dotenv@17.2.3] injecting env (1) from .env -- tip: ⚙️  suppress all logs with { quiet: true }
[32m[nodemon] starting `node src/server.js`[39m
D:\Eximius\backend\src\server.js:18



SyntaxError: Unexpected end of input
    at wrapSafe (node:internal/modules/cjs/loader:1690:18)
    at Module._compile (node:internal/modules/cjs/loader:1733:20)
    at Object..js (node:internal/modules/cjs/loader:1892:10)
    at Module.load (node:internal/modules/cjs/loader:1479:32)
    at Module._load (node:internal/modules/cjs/loader:1298:12)
    at TracingChannel.traceSync (node:diagnostics_channel:328:14)
    at wrapModuleLoad (node:internal/modules/cjs/loader:244:24)
    at Module.executeUserEntryPoint [as runMain] (node:internal/modules/run_main:154:5)
    at node:internal/main/run_main_module:33:47

Node.js v25.0.0
[31m[nodemon] app crashed - waiting for file changes before starting...[39m
[32m[nodemon] restarting due to changes...[39m
[32m[nodemon] starting `node src/server.js`[39m
[32m[nodemon] restarting due to changes...[39m
[dotenv@17.2.3] injecting env (1) from .env -- tip: ⚙️  suppress all logs with { quiet: true }
[32m[nodemon] starting `node src/server.js`[39m
D:\Eximius\backend\src\server.js:23
  console.log([Eximius Backend] Server running on http://localhost:); 
                       ^^^^^^^

SyntaxError: Unexpected identifier 'Backend'
    at wrapSafe (node:internal/modules/cjs/loader:1690:18)
    at Module._compile (node:internal/modules/cjs/loader:1733:20)
    at Object..js (node:internal/modules/cjs/loader:1892:10)
    at Module.load (node:internal/modules/cjs/loader:1479:32)
    at Module._load (node:internal/modules/cjs/loader:1298:12)
    at TracingChannel.traceSync (node:diagnostics_channel:328:14)
    at wrapModuleLoad (node:internal/modules/cjs/loader:244:24)
    at Module.executeUserEntryPoint [as runMain] (node:internal/modules/run_main:154:5)
    at node:internal/main/run_main_module:33:47

Node.js v25.0.0
[31m[nodemon] app crashed - waiting for file changes before starting...[39m
[32m[nodemon] restarting due to changes...[39m
[32m[nodemon] starting `node src/server.js`[39m
D:\Eximius\backend\src\server.js:5
# --- PART 1: MANUAL FILE FIX ---
^

SyntaxError: Invalid or unexpected token
    at wrapSafe (node:internal/modules/cjs/loader:1690:18)
    at Module._compile (node:internal/modules/cjs/loader:1733:20)
    at Object..js (node:internal/modules/cjs/loader:1892:10)
    at Module.load (node:internal/modules/cjs/loader:1479:32)
    at Module._load (node:internal/modules/cjs/loader:1298:12)
    at TracingChannel.traceSync (node:diagnostics_channel:328:14)
    at wrapModuleLoad (node:internal/modules/cjs/loader:244:24)
    at Module.executeUserEntryPoint [as runMain] (node:internal/modules/run_main:154:5)
    at node:internal/main/run_main_module:33:47

Node.js v25.0.0
[31m[nodemon] app crashed - waiting for file changes before starting...[39m
[32m[nodemon] restarting due to changes...[39m
[32m[nodemon] starting `node src/server.js`[39m
D:\Eximius\backend\src\server.js:5
# --- PART 1: MANUAL FILE FIX ---
^

SyntaxError: Invalid or unexpected token
    at wrapSafe (node:internal/modules/cjs/loader:1690:18)
    at Module._compile (node:internal/modules/cjs/loader:1733:20)
    at Object..js (node:internal/modules/cjs/loader:1892:10)
    at Module.load (node:internal/modules/cjs/loader:1479:32)
    at Module._load (node:internal/modules/cjs/loader:1298:12)
    at TracingChannel.traceSync (node:diagnostics_channel:328:14)
    at wrapModuleLoad (node:internal/modules/cjs/loader:244:24)
    at Module.executeUserEntryPoint [as runMain] (node:internal/modules/run_main:154:5)
    at node:internal/main/run_main_module:33:47

Node.js v25.0.0
[31m[nodemon] app crashed - waiting for file changes before starting...[39m
[32m[nodemon] restarting due to changes...[39m
[32m[nodemon] starting `node src/server.js`[39m
[32m[nodemon] restarting due to changes...[39m
node:internal/modules/cjs/loader:1422
  throw err;
  ^

Error: Cannot find module 'D:\Eximius\backend\src\server.js'
    at Module._resolveFilename (node:internal/modules/cjs/loader:1419:15)
    at defaultResolveImpl (node:internal/modules/cjs/loader:1057:19)
    at resolveForCJSWithHooks (node:internal/modules/cjs/loader:1062:22)
    at Module._load (node:internal/modules/cjs/loader:1225:37)
    at TracingChannel.traceSync (node:diagnostics_channel:328:14)
    at wrapModuleLoad (node:internal/modules/cjs/loader:244:24)
    at Module.executeUserEntryPoint [as runMain] (node:internal/modules/run_main:154:5)
    at node:internal/main/run_main_module:33:47 {
  code: 'MODULE_NOT_FOUND',
  requireStack: []
}

Node.js v25.0.0
[32m[nodemon] starting `node src/server.js`[39m
[32m[nodemon] restarting due to changes...[39m
[32m[nodemon] restarting due to changes...[39m
node:internal/modules/cjs/loader:1422
  throw err;
  ^

Error: Cannot find module 'D:\Eximius\backend\src\server.js'
    at Module._resolveFilename (node:internal/modules/cjs/loader:1419:15)
    at defaultResolveImpl (node:internal/modules/cjs/loader:1057:19)
    at resolveForCJSWithHooks (node:internal/modules/cjs/loader:1062:22)
    at Module._load (node:internal/modules/cjs/loader:1225:37)
    at TracingChannel.traceSync (node:diagnostics_channel:328:14)
    at wrapModuleLoad (node:internal/modules/cjs/loader:244:24)
    at Module.executeUserEntryPoint [as runMain] (node:internal/modules/run_main:154:5)
    at node:internal/main/run_main_module:33:47 {
  code: 'MODULE_NOT_FOUND',
  requireStack: []
}

Node.js v25.0.0
[32m[nodemon] starting `node src/server.js`[39m
node:internal/modules/cjs/loader:1422
  throw err;
  ^

Error: Cannot find module 'D:\Eximius\backend\src\server.js'
    at Module._resolveFilename (node:internal/modules/cjs/loader:1419:15)
    at defaultResolveImpl (node:internal/modules/cjs/loader:1057:19)
    at resolveForCJSWithHooks (node:internal/modules/cjs/loader:1062:22)
    at Module._load (node:internal/modules/cjs/loader:1225:37)
    at TracingChannel.traceSync (node:diagnostics_channel:328:14)
    at wrapModuleLoad (node:internal/modules/cjs/loader:244:24)
    at Module.executeUserEntryPoint [as runMain] (node:internal/modules/run_main:154:5)
    at node:internal/main/run_main_module:33:47 {
  code: 'MODULE_NOT_FOUND',
  requireStack: []
}

Node.js v25.0.0
[31m[nodemon] app crashed - waiting for file changes before starting...[39m
[32m[nodemon] restarting due to changes...[39m
[32m[nodemon] starting `node src/server.js`[39m
[32m[nodemon] restarting due to changes...[39m
node:internal/modules/cjs/loader:1422
  throw err;
  ^

Error: Cannot find module 'D:\Eximius\backend\src\server.js'
    at Module._resolveFilename (node:internal/modules/cjs/loader:1419:15)
    at defaultResolveImpl (node:internal/modules/cjs/loader:1057:19)
    at resolveForCJSWithHooks (node:internal/modules/cjs/loader:1062:22)
    at Module._load (node:internal/modules/cjs/loader:1225:37)
    at TracingChannel.traceSync (node:diagnostics_channel:328:14)
    at wrapModuleLoad (node:internal/modules/cjs/loader:244:24)
    at Module.executeUserEntryPoint [as runMain] (node:internal/modules/run_main:154:5)
    at node:internal/main/run_main_module:33:47 {
  code: 'MODULE_NOT_FOUND',
  requireStack: []
}

Node.js v25.0.0
[32m[nodemon] starting `node src/server.js`[39m
node:internal/modules/cjs/loader:1422
  throw err;
  ^

Error: Cannot find module 'D:\Eximius\backend\src\server.js'
    at Module._resolveFilename (node:internal/modules/cjs/loader:1419:15)
    at defaultResolveImpl (node:internal/modules/cjs/loader:1057:19)
    at resolveForCJSWithHooks (node:internal/modules/cjs/loader:1062:22)
    at Module._load (node:internal/modules/cjs/loader:1225:37)
    at TracingChannel.traceSync (node:diagnostics_channel:328:14)
    at wrapModuleLoad (node:internal/modules/cjs/loader:244:24)
    at Module.executeUserEntryPoint [as runMain] (node:internal/modules/run_main:154:5)
    at node:internal/main/run_main_module:33:47 {
  code: 'MODULE_NOT_FOUND',
  requireStack: []
}

Node.js v25.0.0
[31m[nodemon] app crashed - waiting for file changes before starting...[39m
[32m[nodemon] restarting due to changes...[39m
[32m[nodemon] starting `node src/server.js`[39m
node:internal/modules/cjs/loader:1422
  throw err;
  ^

Error: Cannot find module 'D:\Eximius\backend\src\server.js'
    at Module._resolveFilename (node:internal/modules/cjs/loader:1419:15)
    at defaultResolveImpl (node:internal/modules/cjs/loader:1057:19)
    at resolveForCJSWithHooks (node:internal/modules/cjs/loader:1062:22)
    at Module._load (node:internal/modules/cjs/loader:1225:37)
    at TracingChannel.traceSync (node:diagnostics_channel:328:14)
    at wrapModuleLoad (node:internal/modules/cjs/loader:244:24)
    at Module.executeUserEntryPoint [as runMain] (node:internal/modules/run_main:154:5)
    at node:internal/main/run_main_module:33:47 {
  code: 'MODULE_NOT_FOUND',
  requireStack: []
}

Node.js v25.0.0
[31m[nodemon] app crashed - waiting for file changes before starting...[39m
[32m[nodemon] restarting due to changes...[39m
[32m[nodemon] starting `node src/server.js`[39m
node:internal/modules/cjs/loader:1422
  throw err;
  ^

Error: Cannot find module 'D:\Eximius\backend\src\server.js'
    at Module._resolveFilename (node:internal/modules/cjs/loader:1419:15)
    at defaultResolveImpl (node:internal/modules/cjs/loader:1057:19)
    at resolveForCJSWithHooks (node:internal/modules/cjs/loader:1062:22)
    at Module._load (node:internal/modules/cjs/loader:1225:37)
    at TracingChannel.traceSync (node:diagnostics_channel:328:14)
    at wrapModuleLoad (node:internal/modules/cjs/loader:244:24)
    at Module.executeUserEntryPoint [as runMain] (node:internal/modules/run_main:154:5)
    at node:internal/main/run_main_module:33:47 {
  code: 'MODULE_NOT_FOUND',
  requireStack: []
}

Node.js v25.0.0
[31m[nodemon] app crashed - waiting for file changes before starting...[39m
[32m[nodemon] restarting due to changes...[39m
[32m[nodemon] starting `node src/server.js`[39m
node:internal/modules/cjs/loader:1422
  throw err;
  ^

Error: Cannot find module 'D:\Eximius\backend\src\server.js'
    at Module._resolveFilename (node:internal/modules/cjs/loader:1419:15)
    at defaultResolveImpl (node:internal/modules/cjs/loader:1057:19)
    at resolveForCJSWithHooks (node:internal/modules/cjs/loader:1062:22)
    at Module._load (node:internal/modules/cjs/loader:1225:37)
    at TracingChannel.traceSync (node:diagnostics_channel:328:14)
    at wrapModuleLoad (node:internal/modules/cjs/loader:244:24)
    at Module.executeUserEntryPoint [as runMain] (node:internal/modules/run_main:154:5)
    at node:internal/main/run_main_module:33:47 {
  code: 'MODULE_NOT_FOUND',
  requireStack: []
}

Node.js v25.0.0
[31m[nodemon] app crashed - waiting for file changes before starting...[39m
